<?xml version="1.0" encoding="UTF-8"?>
<!-- Generated by org.testng.reporters.JUnitXMLReporter -->
<testsuite ignored="0" hostname="IN3024793W2" failures="1" tests="1" name="Default test" time="15.184" errors="0" timestamp="2022-11-29T11:47:46 IST">
  <testcase classname="io.cucumber.testng.AbstractTestNGCucumberTests" name="runScenario" time="14.39">
    <failure type="java.lang.AssertionError" message="expected [Hello vasuvespag!] but found [By.xpath: //*[@id=&amp;quot;username_show&amp;quot;]">
      <![CDATA[java.lang.AssertionError: expected [Hello vasuvespag!] but found [By.xpath: //*[@id="username_show"]
at org.testng.Assert.fail(Assert.java:110)
at org.testng.Assert.failNotEquals(Assert.java:1413)
at org.testng.Assert.assertEqualsImpl(Assert.java:149)
at org.testng.Assert.assertEquals(Assert.java:131)
at org.testng.Assert.assertEquals(Assert.java:643)
at pages.LoginPage.printMessage(LoginPage.java:54)
at StepDefinitions.LoginPageTest.user_is_on_the_guidewire_home_page(LoginPageTest.java:28)
at ✽.User is Logging in Guidewire HomePage(file:///C:/Users/QN271GF/JavaWorkspaceFinal-master/GuidewireScenario6/Features/CreateAccount.feature:4)
]]>
    </failure>
  </testcase> <!-- runScenario -->
</testsuite> <!-- Default test -->
