<?xml version="1.0" encoding="UTF-8"?>
<testng-results ignored="0" total="2" passed="2" failed="0" skipped="0">
  <reporter-output>
  </reporter-output>
  <suite started-at="2022-11-28T15:34:25 IST" name="Command line suite" finished-at="2022-11-28T15:34:37 IST" duration-ms="12189">
    <groups>
    </groups>
    <test started-at="2022-11-28T15:34:25 IST" name="Command line test" finished-at="2022-11-28T15:34:37 IST" duration-ms="12189">
      <class name="runner.NewTest">
        <test-method signature="f()[pri:0, instance:runner.NewTest@358c99f5]" started-at="2022-11-28T15:34:25 IST" name="f" finished-at="2022-11-28T15:34:25 IST" duration-ms="6" status="PASS">
          <reporter-output>
          </reporter-output>
        </test-method> <!-- f -->
      </class> <!-- runner.NewTest -->
      <class name="testcases.LoginPageTest">
        <test-method is-config="true" signature="launchBrowser()[pri:0, instance:testcases.LoginPageTest@7f6f61c8]" started-at="2022-11-28T15:34:25 IST" name="launchBrowser" finished-at="2022-11-28T15:34:35 IST" duration-ms="10350" status="PASS">
          <reporter-output>
          </reporter-output>
        </test-method> <!-- launchBrowser -->
        <test-method signature="Login()[pri:0, instance:testcases.LoginPageTest@7f6f61c8]" started-at="2022-11-28T15:34:35 IST" name="Login" finished-at="2022-11-28T15:34:37 IST" duration-ms="1268" status="PASS">
          <reporter-output>
          </reporter-output>
        </test-method> <!-- Login -->
        <test-method is-config="true" signature="exitBrowser()[pri:0, instance:testcases.LoginPageTest@7f6f61c8]" started-at="2022-11-28T15:34:37 IST" name="exitBrowser" finished-at="2022-11-28T15:34:37 IST" duration-ms="512" status="PASS">
          <reporter-output>
          </reporter-output>
        </test-method> <!-- exitBrowser -->
      </class> <!-- testcases.LoginPageTest -->
    </test> <!-- Command line test -->
  </suite> <!-- Command line suite -->
</testng-results>
